<?xml version="1.0" encoding="UTF-8"?>
<testsuite name="tests.StudentRegistrationForm" tests="2" skipped="0" failures="0" errors="0" timestamp="2023-01-29T18:53:15" hostname="DESKTOP-69FRO64" time="6.311">
  <properties/>
  <testcase name="Некорректное заполнение формы" classname="tests.StudentRegistrationForm" time="4.142"/>
  <testcase name="Успешное заполнение формы" classname="tests.StudentRegistrationForm" time="2.11"/>
  <system-out><![CDATA[]]></system-out>
  <system-err><![CDATA[[Test worker] INFO com.codeborne.selenide.impl.WebDriverThreadLocalContainer - No webdriver is bound to current thread: 1 - let's create a new webdriver
[Test worker] INFO com.codeborne.selenide.impl.FileHelper - Creating folder: C:\Users\kopyt\IdeaProjects\qa_guru\JavaPageObjectWithFaker\build\downloads\1675018395629_7708_1
[Test worker] INFO io.github.bonigarcia.wdm.WebDriverManager - Using chromedriver 109.0.5414.74 (resolved driver for Chrome 109)
[Test worker] INFO io.github.bonigarcia.wdm.WebDriverManager - Exporting webdriver.chrome.driver as C:\Users\kopyt\.cache\selenium\chromedriver\win32\109.0.5414.74\chromedriver.exe
[Test worker] INFO com.codeborne.selenide.webdriver.SelenideNettyClientFactory - Changed readTimeout from PT3M to PT1M30S
Starting ChromeDriver 109.0.5414.74 (e7c5703604daa9cc128ccf5a5d3e993513758913-refs/branch-heads/5414@{#1172}) on port 23112
Only local connections are allowed.
Please see https://chromedriver.chromium.org/security-considerations for suggestions on keeping ChromeDriver safe.
ChromeDriver was started successfully.
[Test worker] INFO com.codeborne.selenide.webdriver.SelenideNettyClientFactory - Changed readTimeout from PT3M to PT1M30S
[Test worker] INFO com.codeborne.selenide.webdriver.SelenideNettyClientFactory - Changed readTimeout from PT3M to PT1M30S
янв. 29, 2023 9:53:17 PM org.openqa.selenium.devtools.CdpVersionFinder findNearestMatch
WARNING: Unable to find an exact match for CDP version 109, so returning the closest version found: 108
[Test worker] INFO com.codeborne.selenide.webdriver.WebDriverFactory - BrowserName=chrome Version=109.0.5414.120 Platform=WINDOWS
[Test worker] INFO com.codeborne.selenide.webdriver.WebDriverFactory - Selenide v. 6.11.0
[Test worker] INFO com.codeborne.selenide.webdriver.WebDriverFactory - Selenium WebDriver v. 4.7.2 build revision: 4d4020c3b7
[Test worker] INFO com.codeborne.selenide.drivercommands.CreateDriverCommand - Created webdriver in thread 1: ChromeDriver -> ChromeDriver: chrome on WINDOWS (aba1b25fed8099b4345e87c155edd2b0)
[Test worker] INFO com.codeborne.selenide.drivercommands.DisposablesRegistry - Register WebDriverInstance[config=StaticConfig,webDriver=ChromeDriver: chrome on WINDOWS (aba1b25fed8099b4345e87c155edd2b0),proxy=null,downloadsFolder=C:\Users\kopyt\IdeaProjects\qa_guru\JavaPageObjectWithFaker\build\downloads\1675018395629_7708_1] in 1 [size=1]
[Test worker] INFO com.codeborne.selenide.drivercommands.DisposablesRegistry - Add shutdown hook in 1 [size=1]
]]></system-err>
</testsuite>
